{"C:\\Users\\Ethan\\Documents\\Dev\\Projet-transversal-2T\\backend\\src\\controllers\\authController.ts": {"path":"C:\\Users\\Ethan\\Documents\\Dev\\Projet-transversal-2T\\backend\\src\\controllers\\authController.ts","statementMap":{"0":{"start":{"line":6,"column":0},"end":{"line":6,"column":7}},"1":{"start":{"line":22,"column":0},"end":{"line":22,"column":7}},"2":{"start":{"line":2,"column":0},"end":{"line":2,"column":54}},"3":{"start":{"line":4,"column":20},"end":{"line":4,"column":37}},"4":{"start":{"line":7,"column":33},"end":{"line":7,"column":41}},"5":{"start":{"line":9,"column":2},"end":{"line":11,"column":3}},"6":{"start":{"line":10,"column":4},"end":{"line":10,"column":81}},"7":{"start":{"line":13,"column":2},"end":{"line":19,"column":3}},"8":{"start":{"line":14,"column":17},"end":{"line":14,"column":60}},"9":{"start":{"line":15,"column":4},"end":{"line":15,"column":26}},"10":{"start":{"line":17,"column":20},"end":{"line":17,"column":75}},"11":{"start":{"line":18,"column":4},"end":{"line":18,"column":52}},"12":{"start":{"line":23,"column":33},"end":{"line":23,"column":41}},"13":{"start":{"line":25,"column":2},"end":{"line":27,"column":3}},"14":{"start":{"line":26,"column":4},"end":{"line":26,"column":81}},"15":{"start":{"line":29,"column":2},"end":{"line":35,"column":3}},"16":{"start":{"line":30,"column":17},"end":{"line":30,"column":63}},"17":{"start":{"line":31,"column":4},"end":{"line":31,"column":38}},"18":{"start":{"line":33,"column":20},"end":{"line":33,"column":82}},"19":{"start":{"line":34,"column":4},"end":{"line":34,"column":52}}},"fnMap":{"0":{"name":"login","decl":{"start":{"line":6,"column":22},"end":{"line":6,"column":27}},"loc":{"start":{"line":6,"column":55},"end":{"line":20,"column":1}}},"1":{"name":"register","decl":{"start":{"line":22,"column":22},"end":{"line":22,"column":30}},"loc":{"start":{"line":22,"column":58},"end":{"line":36,"column":1}}}},"branchMap":{"0":{"loc":{"start":{"line":9,"column":2},"end":{"line":11,"column":3}},"type":"if","locations":[{"start":{"line":9,"column":2},"end":{"line":11,"column":3}},{"start":{},"end":{}}]},"1":{"loc":{"start":{"line":9,"column":6},"end":{"line":9,"column":28}},"type":"binary-expr","locations":[{"start":{"line":9,"column":6},"end":{"line":9,"column":15}},{"start":{"line":9,"column":19},"end":{"line":9,"column":28}}]},"2":{"loc":{"start":{"line":17,"column":20},"end":{"line":17,"column":75}},"type":"cond-expr","locations":[{"start":{"line":17,"column":45},"end":{"line":17,"column":58}},{"start":{"line":17,"column":61},"end":{"line":17,"column":75}}]},"3":{"loc":{"start":{"line":25,"column":2},"end":{"line":27,"column":3}},"type":"if","locations":[{"start":{"line":25,"column":2},"end":{"line":27,"column":3}},{"start":{},"end":{}}]},"4":{"loc":{"start":{"line":25,"column":6},"end":{"line":25,"column":28}},"type":"binary-expr","locations":[{"start":{"line":25,"column":6},"end":{"line":25,"column":15}},{"start":{"line":25,"column":19},"end":{"line":25,"column":28}}]},"5":{"loc":{"start":{"line":33,"column":20},"end":{"line":33,"column":82}},"type":"cond-expr","locations":[{"start":{"line":33,"column":45},"end":{"line":33,"column":58}},{"start":{"line":33,"column":61},"end":{"line":33,"column":82}}]}},"s":{"0":1,"1":1,"2":1,"3":1,"4":3,"5":3,"6":1,"7":2,"8":2,"9":1,"10":1,"11":1,"12":3,"13":3,"14":1,"15":2,"16":2,"17":1,"18":1,"19":1},"f":{"0":3,"1":3},"b":{"0":[1,2],"1":[3,3],"2":[1,0],"3":[1,2],"4":[3,2],"5":[1,0]}}
,"C:\\Users\\Ethan\\Documents\\Dev\\Projet-transversal-2T\\backend\\src\\models\\User.ts": {"path":"C:\\Users\\Ethan\\Documents\\Dev\\Projet-transversal-2T\\backend\\src\\models\\User.ts","statementMap":{"0":{"start":{"line":1,"column":0},"end":{"line":1,"column":54}},"1":{"start":{"line":8,"column":19},"end":{"line":18,"column":2}},"2":{"start":{"line":20,"column":13},"end":{"line":20,"column":54}},"3":{"start":{"line":22,"column":0},"end":{"line":22,"column":20}}},"fnMap":{},"branchMap":{},"s":{"0":2,"1":2,"2":2,"3":2},"f":{},"b":{}}
,"C:\\Users\\Ethan\\Documents\\Dev\\Projet-transversal-2T\\backend\\src\\routes\\pico.ts": {"path":"C:\\Users\\Ethan\\Documents\\Dev\\Projet-transversal-2T\\backend\\src\\routes\\pico.ts","statementMap":{"0":{"start":{"line":1,"column":0},"end":{"line":1,"column":52}},"1":{"start":{"line":2,"column":0},"end":{"line":2,"column":61}},"2":{"start":{"line":3,"column":0},"end":{"line":3,"column":53}},"3":{"start":{"line":5,"column":15},"end":{"line":5,"column":23}},"4":{"start":{"line":7,"column":0},"end":{"line":9,"column":null}},"5":{"start":{"line":8,"column":2},"end":{"line":8,"column":null}},"6":{"start":{"line":10,"column":0},"end":{"line":22,"column":null}},"7":{"start":{"line":11,"column":18},"end":{"line":11,"column":26}},"8":{"start":{"line":13,"column":2},"end":{"line":15,"column":3}},"9":{"start":{"line":14,"column":4},"end":{"line":14,"column":null}},"10":{"start":{"line":17,"column":18},"end":{"line":17,"column":36}},"11":{"start":{"line":18,"column":2},"end":{"line":18,"column":null}},"12":{"start":{"line":19,"column":2},"end":{"line":19,"column":null}},"13":{"start":{"line":21,"column":2},"end":{"line":21,"column":null}},"14":{"start":{"line":23,"column":0},"end":{"line":27,"column":null}},"15":{"start":{"line":24,"column":19},"end":{"line":24,"column":27}},"16":{"start":{"line":25,"column":2},"end":{"line":25,"column":null}},"17":{"start":{"line":26,"column":2},"end":{"line":26,"column":null}},"18":{"start":{"line":29,"column":0},"end":{"line":29,"column":null}}},"fnMap":{"0":{"name":"(anonymous_0)","decl":{"start":{"line":7,"column":25},"end":{"line":7,"column":26}},"loc":{"start":{"line":7,"column":58},"end":{"line":9,"column":1}}},"1":{"name":"(anonymous_1)","decl":{"start":{"line":10,"column":25},"end":{"line":10,"column":26}},"loc":{"start":{"line":10,"column":57},"end":{"line":22,"column":1}}},"2":{"name":"(anonymous_2)","decl":{"start":{"line":23,"column":26},"end":{"line":23,"column":27}},"loc":{"start":{"line":23,"column":58},"end":{"line":27,"column":1}}}},"branchMap":{"0":{"loc":{"start":{"line":13,"column":2},"end":{"line":15,"column":3}},"type":"if","locations":[{"start":{"line":13,"column":2},"end":{"line":15,"column":3}},{"start":{},"end":{}}]},"1":{"loc":{"start":{"line":17,"column":18},"end":{"line":17,"column":36}},"type":"cond-expr","locations":[{"start":{"line":17,"column":24},"end":{"line":17,"column":28}},{"start":{"line":17,"column":31},"end":{"line":17,"column":36}}]}},"s":{"0":1,"1":1,"2":1,"3":1,"4":1,"5":1,"6":1,"7":2,"8":2,"9":1,"10":1,"11":1,"12":1,"13":1,"14":1,"15":0,"16":0,"17":0,"18":1},"f":{"0":1,"1":2,"2":0},"b":{"0":[1,1],"1":[1,0]}}
,"C:\\Users\\Ethan\\Documents\\Dev\\Projet-transversal-2T\\backend\\src\\services\\authService.ts": {"path":"C:\\Users\\Ethan\\Documents\\Dev\\Projet-transversal-2T\\backend\\src\\services\\authService.ts","statementMap":{"0":{"start":{"line":1,"column":0},"end":{"line":1,"column":34}},"1":{"start":{"line":2,"column":0},"end":{"line":2,"column":33}},"2":{"start":{"line":7,"column":31},"end":{"line":7,"column":58}},"3":{"start":{"line":8,"column":21},"end":{"line":8,"column":69}},"4":{"start":{"line":9,"column":8},"end":{"line":9,"column":26}},"5":{"start":{"line":10,"column":64},"end":{"line":10,"column":79}},"6":{"start":{"line":11,"column":8},"end":{"line":11,"column":35}},"7":{"start":{"line":15,"column":21},"end":{"line":15,"column":53}},"8":{"start":{"line":16,"column":8},"end":{"line":18,"column":9}},"9":{"start":{"line":17,"column":12},"end":{"line":17,"column":46}},"10":{"start":{"line":19,"column":32},"end":{"line":19,"column":76}},"11":{"start":{"line":20,"column":8},"end":{"line":22,"column":9}},"12":{"start":{"line":21,"column":12},"end":{"line":21,"column":48}},"13":{"start":{"line":23,"column":64},"end":{"line":23,"column":79}},"14":{"start":{"line":24,"column":8},"end":{"line":24,"column":35}},"15":{"start":{"line":4,"column":0},"end":{"line":4,"column":13}}},"fnMap":{"0":{"name":"(anonymous_10)","decl":{"start":{"line":6,"column":4},"end":{"line":6,"column":9}},"loc":{"start":{"line":6,"column":53},"end":{"line":12,"column":5}}},"1":{"name":"(anonymous_11)","decl":{"start":{"line":14,"column":4},"end":{"line":14,"column":9}},"loc":{"start":{"line":14,"column":50},"end":{"line":25,"column":5}}}},"branchMap":{"0":{"loc":{"start":{"line":16,"column":8},"end":{"line":18,"column":9}},"type":"if","locations":[{"start":{"line":16,"column":8},"end":{"line":18,"column":9}},{"start":{},"end":{}}]},"1":{"loc":{"start":{"line":20,"column":8},"end":{"line":22,"column":9}},"type":"if","locations":[{"start":{"line":20,"column":8},"end":{"line":22,"column":9}},{"start":{},"end":{}}]}},"s":{"0":2,"1":2,"2":0,"3":0,"4":0,"5":0,"6":0,"7":3,"8":3,"9":1,"10":2,"11":2,"12":1,"13":1,"14":1,"15":2},"f":{"0":0,"1":3},"b":{"0":[1,2],"1":[1,1]}}
,"C:\\Users\\Ethan\\Documents\\Dev\\Projet-transversal-2T\\backend\\src\\services\\mqttService.ts": {"path":"C:\\Users\\Ethan\\Documents\\Dev\\Projet-transversal-2T\\backend\\src\\services\\mqttService.ts","statementMap":{"0":{"start":{"line":1,"column":0},"end":{"line":1,"column":24}},"1":{"start":{"line":11,"column":11},"end":{"line":11,"column":45}},"2":{"start":{"line":12,"column":20},"end":{"line":12,"column":45}},"3":{"start":{"line":13,"column":13},"end":{"line":13,"column":52}},"4":{"start":{"line":15,"column":24},"end":{"line":45,"column":1}},"5":{"start":{"line":17,"column":2},"end":{"line":17,"column":72}},"6":{"start":{"line":20,"column":2},"end":{"line":24,"column":5}},"7":{"start":{"line":21,"column":4},"end":{"line":21,"column":57}},"8":{"start":{"line":22,"column":4},"end":{"line":22,"column":42}},"9":{"start":{"line":23,"column":4},"end":{"line":23,"column":40}},"10":{"start":{"line":26,"column":2},"end":{"line":40,"column":5}},"11":{"start":{"line":27,"column":19},"end":{"line":27,"column":37}},"12":{"start":{"line":28,"column":4},"end":{"line":28,"column":62}},"13":{"start":{"line":30,"column":35},"end":{"line":34,"column":6}},"14":{"start":{"line":36,"column":4},"end":{"line":36,"column":47}},"15":{"start":{"line":37,"column":4},"end":{"line":39,"column":5}},"16":{"start":{"line":38,"column":6},"end":{"line":38,"column":31}},"17":{"start":{"line":42,"column":2},"end":{"line":44,"column":5}},"18":{"start":{"line":43,"column":4},"end":{"line":43,"column":42}},"19":{"start":{"line":15,"column":13},"end":{"line":15,"column":24}}},"fnMap":{"0":{"name":"(anonymous_1)","decl":{"start":{"line":15,"column":24},"end":{"line":15,"column":27}},"loc":{"start":{"line":15,"column":29},"end":{"line":45,"column":1}}},"1":{"name":"(anonymous_2)","decl":{"start":{"line":20,"column":27},"end":{"line":20,"column":30}},"loc":{"start":{"line":20,"column":32},"end":{"line":24,"column":3}}},"2":{"name":"(anonymous_3)","decl":{"start":{"line":26,"column":27},"end":{"line":26,"column":28}},"loc":{"start":{"line":26,"column":46},"end":{"line":40,"column":3}}},"3":{"name":"(anonymous_4)","decl":{"start":{"line":42,"column":25},"end":{"line":42,"column":26}},"loc":{"start":{"line":42,"column":33},"end":{"line":44,"column":3}}}},"branchMap":{"0":{"loc":{"start":{"line":37,"column":4},"end":{"line":39,"column":5}},"type":"if","locations":[{"start":{"line":37,"column":4},"end":{"line":39,"column":5}},{"start":{},"end":{}}]}},"s":{"0":1,"1":1,"2":1,"3":1,"4":1,"5":4,"6":4,"7":1,"8":1,"9":1,"10":4,"11":26,"12":26,"13":26,"14":26,"15":26,"16":5,"17":4,"18":1,"19":1},"f":{"0":4,"1":1,"2":26,"3":1},"b":{"0":[5,21]}}
}
