{"C:\\Users\\Ethan\\Documents\\Dev\\Projet-transversal-2T\\backend\\src\\controllers\\authController.ts": {"path":"C:\\Users\\Ethan\\Documents\\Dev\\Projet-transversal-2T\\backend\\src\\controllers\\authController.ts","statementMap":{"0":{"start":{"line":7,"column":0},"end":{"line":7,"column":7}},"1":{"start":{"line":29,"column":0},"end":{"line":29,"column":7}},"2":{"start":{"line":45,"column":0},"end":{"line":45,"column":16}},"3":{"start":{"line":2,"column":0},"end":{"line":2,"column":31}},"4":{"start":{"line":3,"column":0},"end":{"line":3,"column":54}},"5":{"start":{"line":5,"column":20},"end":{"line":5,"column":37}},"6":{"start":{"line":8,"column":33},"end":{"line":8,"column":41}},"7":{"start":{"line":10,"column":2},"end":{"line":12,"column":3}},"8":{"start":{"line":11,"column":4},"end":{"line":11,"column":81}},"9":{"start":{"line":14,"column":2},"end":{"line":26,"column":3}},"10":{"start":{"line":15,"column":42},"end":{"line":15,"column":85}},"11":{"start":{"line":16,"column":4},"end":{"line":21,"column":7}},"12":{"start":{"line":22,"column":4},"end":{"line":22,"column":37}},"13":{"start":{"line":24,"column":20},"end":{"line":24,"column":75}},"14":{"start":{"line":25,"column":4},"end":{"line":25,"column":52}},"15":{"start":{"line":30,"column":33},"end":{"line":30,"column":41}},"16":{"start":{"line":32,"column":2},"end":{"line":34,"column":3}},"17":{"start":{"line":33,"column":4},"end":{"line":33,"column":81}},"18":{"start":{"line":36,"column":2},"end":{"line":42,"column":3}},"19":{"start":{"line":37,"column":17},"end":{"line":37,"column":63}},"20":{"start":{"line":38,"column":4},"end":{"line":38,"column":38}},"21":{"start":{"line":40,"column":20},"end":{"line":40,"column":82}},"22":{"start":{"line":41,"column":4},"end":{"line":41,"column":52}},"23":{"start":{"line":46,"column":27},"end":{"line":46,"column":35}},"24":{"start":{"line":47,"column":2},"end":{"line":47,"column":89}},"25":{"start":{"line":47,"column":21},"end":{"line":47,"column":89}},"26":{"start":{"line":48,"column":17},"end":{"line":48,"column":47}},"27":{"start":{"line":49,"column":2},"end":{"line":49,"column":91}},"28":{"start":{"line":49,"column":15},"end":{"line":49,"column":91}},"29":{"start":{"line":50,"column":2},"end":{"line":59,"column":3}},"30":{"start":{"line":51,"column":20},"end":{"line":51,"column":70}},"31":{"start":{"line":52,"column":24},"end":{"line":52,"column":97}},"32":{"start":{"line":53,"column":4},"end":{"line":53,"column":37}},"33":{"start":{"line":55,"column":4},"end":{"line":57,"column":5}},"34":{"start":{"line":56,"column":6},"end":{"line":56,"column":70}},"35":{"start":{"line":58,"column":4},"end":{"line":58,"column":68}}},"fnMap":{"0":{"name":"login","decl":{"start":{"line":7,"column":22},"end":{"line":7,"column":27}},"loc":{"start":{"line":7,"column":55},"end":{"line":27,"column":1}}},"1":{"name":"register","decl":{"start":{"line":29,"column":22},"end":{"line":29,"column":30}},"loc":{"start":{"line":29,"column":58},"end":{"line":43,"column":1}}},"2":{"name":"refresh","decl":{"start":{"line":45,"column":16},"end":{"line":45,"column":23}},"loc":{"start":{"line":45,"column":51},"end":{"line":60,"column":1}}}},"branchMap":{"0":{"loc":{"start":{"line":10,"column":2},"end":{"line":12,"column":3}},"type":"if","locations":[{"start":{"line":10,"column":2},"end":{"line":12,"column":3}},{"start":{},"end":{}}]},"1":{"loc":{"start":{"line":10,"column":6},"end":{"line":10,"column":28}},"type":"binary-expr","locations":[{"start":{"line":10,"column":6},"end":{"line":10,"column":15}},{"start":{"line":10,"column":19},"end":{"line":10,"column":28}}]},"2":{"loc":{"start":{"line":24,"column":20},"end":{"line":24,"column":75}},"type":"cond-expr","locations":[{"start":{"line":24,"column":45},"end":{"line":24,"column":58}},{"start":{"line":24,"column":61},"end":{"line":24,"column":75}}]},"3":{"loc":{"start":{"line":32,"column":2},"end":{"line":34,"column":3}},"type":"if","locations":[{"start":{"line":32,"column":2},"end":{"line":34,"column":3}},{"start":{},"end":{}}]},"4":{"loc":{"start":{"line":32,"column":6},"end":{"line":32,"column":28}},"type":"binary-expr","locations":[{"start":{"line":32,"column":6},"end":{"line":32,"column":15}},{"start":{"line":32,"column":19},"end":{"line":32,"column":28}}]},"5":{"loc":{"start":{"line":40,"column":20},"end":{"line":40,"column":82}},"type":"cond-expr","locations":[{"start":{"line":40,"column":45},"end":{"line":40,"column":58}},{"start":{"line":40,"column":61},"end":{"line":40,"column":82}}]},"6":{"loc":{"start":{"line":47,"column":2},"end":{"line":47,"column":89}},"type":"if","locations":[{"start":{"line":47,"column":2},"end":{"line":47,"column":89}},{"start":{},"end":{}}]},"7":{"loc":{"start":{"line":49,"column":2},"end":{"line":49,"column":91}},"type":"if","locations":[{"start":{"line":49,"column":2},"end":{"line":49,"column":91}},{"start":{},"end":{}}]},"8":{"loc":{"start":{"line":55,"column":4},"end":{"line":57,"column":5}},"type":"if","locations":[{"start":{"line":55,"column":4},"end":{"line":57,"column":5}},{"start":{},"end":{}}]}},"s":{"0":1,"1":1,"2":1,"3":1,"4":1,"5":1,"6":3,"7":3,"8":1,"9":2,"10":2,"11":1,"12":1,"13":1,"14":1,"15":3,"16":3,"17":1,"18":2,"19":2,"20":1,"21":1,"22":1,"23":0,"24":0,"25":0,"26":0,"27":0,"28":0,"29":0,"30":0,"31":0,"32":0,"33":0,"34":0,"35":0},"f":{"0":3,"1":3,"2":0},"b":{"0":[1,2],"1":[3,3],"2":[1,0],"3":[1,2],"4":[3,2],"5":[1,0],"6":[0,0],"7":[0,0],"8":[0,0]}}
,"C:\\Users\\Ethan\\Documents\\Dev\\Projet-transversal-2T\\backend\\src\\models\\Log.ts": {"path":"C:\\Users\\Ethan\\Documents\\Dev\\Projet-transversal-2T\\backend\\src\\models\\Log.ts","statementMap":{"0":{"start":{"line":1,"column":0},"end":{"line":1,"column":38}},"1":{"start":{"line":2,"column":0},"end":{"line":2,"column":24}},"2":{"start":{"line":10,"column":15},"end":{"line":10,"column":63}},"3":{"start":{"line":11,"column":11},"end":{"line":11,"column":31}},"4":{"start":{"line":13,"column":0},"end":{"line":19,"column":9}},"5":{"start":{"line":27,"column":4},"end":{"line":27,"column":24}},"6":{"start":{"line":28,"column":4},"end":{"line":28,"column":28}},"7":{"start":{"line":29,"column":4},"end":{"line":29,"column":26}},"8":{"start":{"line":33,"column":17},"end":{"line":33,"column":93}},"9":{"start":{"line":34,"column":4},"end":{"line":34,"column":46}},"10":{"start":{"line":35,"column":4},"end":{"line":35,"column":16}},"11":{"start":{"line":39,"column":4},"end":{"line":43,"column":6}},"12":{"start":{"line":47,"column":4},"end":{"line":49,"column":5}},"13":{"start":{"line":48,"column":6},"end":{"line":48,"column":18}},"14":{"start":{"line":51,"column":16},"end":{"line":51,"column":92}},"15":{"start":{"line":52,"column":4},"end":{"line":54,"column":5}},"16":{"start":{"line":53,"column":6},"end":{"line":53,"column":18}},"17":{"start":{"line":56,"column":4},"end":{"line":56,"column":71}},"18":{"start":{"line":21,"column":0},"end":{"line":21,"column":21}}},"fnMap":{"0":{"name":"(anonymous_1)","decl":{"start":{"line":26,"column":2},"end":{"line":26,"column":14}},"loc":{"start":{"line":26,"column":24},"end":{"line":30,"column":3}}},"1":{"name":"(anonymous_2)","decl":{"start":{"line":32,"column":9},"end":{"line":32,"column":14}},"loc":{"start":{"line":32,"column":19},"end":{"line":36,"column":3}}},"2":{"name":"(anonymous_3)","decl":{"start":{"line":38,"column":9},"end":{"line":38,"column":17}},"loc":{"start":{"line":38,"column":17},"end":{"line":44,"column":3}}},"3":{"name":"(anonymous_4)","decl":{"start":{"line":46,"column":9},"end":{"line":46,"column":15}},"loc":{"start":{"line":46,"column":54},"end":{"line":57,"column":3}}}},"branchMap":{"0":{"loc":{"start":{"line":47,"column":4},"end":{"line":49,"column":5}},"type":"if","locations":[{"start":{"line":47,"column":4},"end":{"line":49,"column":5}},{"start":{},"end":{}}]},"1":{"loc":{"start":{"line":52,"column":4},"end":{"line":54,"column":5}},"type":"if","locations":[{"start":{"line":52,"column":4},"end":{"line":54,"column":5}},{"start":{},"end":{}}]}},"s":{"0":1,"1":1,"2":1,"3":1,"4":1,"5":3,"6":3,"7":3,"8":1,"9":1,"10":1,"11":1,"12":3,"13":1,"14":2,"15":2,"16":1,"17":1,"18":1},"f":{"0":3,"1":1,"2":1,"3":3},"b":{"0":[1,2],"1":[1,1]}}
,"C:\\Users\\Ethan\\Documents\\Dev\\Projet-transversal-2T\\backend\\src\\models\\Mesure.ts": {"path":"C:\\Users\\Ethan\\Documents\\Dev\\Projet-transversal-2T\\backend\\src\\models\\Mesure.ts","statementMap":{"0":{"start":{"line":1,"column":0},"end":{"line":1,"column":38}},"1":{"start":{"line":2,"column":0},"end":{"line":2,"column":24}},"2":{"start":{"line":10,"column":15},"end":{"line":10,"column":63}},"3":{"start":{"line":11,"column":11},"end":{"line":11,"column":31}},"4":{"start":{"line":13,"column":0},"end":{"line":20,"column":9}},"5":{"start":{"line":28,"column":4},"end":{"line":28,"column":28}},"6":{"start":{"line":29,"column":4},"end":{"line":29,"column":30}},"7":{"start":{"line":30,"column":4},"end":{"line":30,"column":28}},"8":{"start":{"line":34,"column":4},"end":{"line":38,"column":6}},"9":{"start":{"line":42,"column":17},"end":{"line":44,"column":29}},"10":{"start":{"line":45,"column":4},"end":{"line":45,"column":16}},"11":{"start":{"line":22,"column":0},"end":{"line":22,"column":21}}},"fnMap":{"0":{"name":"(anonymous_1)","decl":{"start":{"line":27,"column":2},"end":{"line":27,"column":14}},"loc":{"start":{"line":27,"column":27},"end":{"line":31,"column":3}}},"1":{"name":"(anonymous_2)","decl":{"start":{"line":33,"column":9},"end":{"line":33,"column":13}},"loc":{"start":{"line":33,"column":13},"end":{"line":39,"column":3}}},"2":{"name":"(anonymous_3)","decl":{"start":{"line":41,"column":9},"end":{"line":41,"column":15}},"loc":{"start":{"line":41,"column":37},"end":{"line":46,"column":3}}}},"branchMap":{"0":{"loc":{"start":{"line":41,"column":27},"end":{"line":41,"column":37}},"type":"default-arg","locations":[{"start":{"line":41,"column":35},"end":{"line":41,"column":37}}]}},"s":{"0":3,"1":3,"2":3,"3":3,"4":3,"5":27,"6":27,"7":27,"8":27,"9":3,"10":3,"11":3},"f":{"0":27,"1":27,"2":3},"b":{"0":[1]}}
,"C:\\Users\\Ethan\\Documents\\Dev\\Projet-transversal-2T\\backend\\src\\models\\User.ts": {"path":"C:\\Users\\Ethan\\Documents\\Dev\\Projet-transversal-2T\\backend\\src\\models\\User.ts","statementMap":{"0":{"start":{"line":1,"column":0},"end":{"line":1,"column":38}},"1":{"start":{"line":2,"column":0},"end":{"line":2,"column":24}},"2":{"start":{"line":9,"column":15},"end":{"line":9,"column":63}},"3":{"start":{"line":10,"column":11},"end":{"line":10,"column":31}},"4":{"start":{"line":12,"column":0},"end":{"line":17,"column":9}},"5":{"start":{"line":24,"column":4},"end":{"line":24,"column":34}},"6":{"start":{"line":25,"column":4},"end":{"line":25,"column":34}},"7":{"start":{"line":29,"column":4},"end":{"line":37,"column":5}},"8":{"start":{"line":30,"column":6},"end":{"line":30,"column":106}},"9":{"start":{"line":31,"column":6},"end":{"line":31,"column":18}},"10":{"start":{"line":33,"column":6},"end":{"line":35,"column":7}},"11":{"start":{"line":34,"column":8},"end":{"line":34,"column":50}},"12":{"start":{"line":36,"column":6},"end":{"line":36,"column":16}},"13":{"start":{"line":41,"column":4},"end":{"line":44,"column":6}},"14":{"start":{"line":48,"column":4},"end":{"line":50,"column":5}},"15":{"start":{"line":49,"column":6},"end":{"line":49,"column":18}},"16":{"start":{"line":52,"column":16},"end":{"line":52,"column":105}},"17":{"start":{"line":53,"column":4},"end":{"line":55,"column":5}},"18":{"start":{"line":54,"column":6},"end":{"line":54,"column":18}},"19":{"start":{"line":57,"column":4},"end":{"line":60,"column":7}},"20":{"start":{"line":19,"column":0},"end":{"line":19,"column":21}}},"fnMap":{"0":{"name":"(anonymous_1)","decl":{"start":{"line":23,"column":2},"end":{"line":23,"column":14}},"loc":{"start":{"line":23,"column":25},"end":{"line":26,"column":3}}},"1":{"name":"(anonymous_2)","decl":{"start":{"line":28,"column":9},"end":{"line":28,"column":14}},"loc":{"start":{"line":28,"column":19},"end":{"line":38,"column":3}}},"2":{"name":"(anonymous_3)","decl":{"start":{"line":40,"column":9},"end":{"line":40,"column":17}},"loc":{"start":{"line":40,"column":17},"end":{"line":45,"column":3}}},"3":{"name":"(anonymous_4)","decl":{"start":{"line":47,"column":9},"end":{"line":47,"column":15}},"loc":{"start":{"line":47,"column":59},"end":{"line":61,"column":3}}}},"branchMap":{"0":{"loc":{"start":{"line":33,"column":6},"end":{"line":35,"column":7}},"type":"if","locations":[{"start":{"line":33,"column":6},"end":{"line":35,"column":7}},{"start":{},"end":{}}]},"1":{"loc":{"start":{"line":33,"column":10},"end":{"line":33,"column":82}},"type":"binary-expr","locations":[{"start":{"line":33,"column":10},"end":{"line":33,"column":30}},{"start":{"line":33,"column":34},"end":{"line":33,"column":82}}]},"2":{"loc":{"start":{"line":48,"column":4},"end":{"line":50,"column":5}},"type":"if","locations":[{"start":{"line":48,"column":4},"end":{"line":50,"column":5}},{"start":{},"end":{}}]},"3":{"loc":{"start":{"line":53,"column":4},"end":{"line":55,"column":5}},"type":"if","locations":[{"start":{"line":53,"column":4},"end":{"line":55,"column":5}},{"start":{},"end":{}}]}},"s":{"0":3,"1":3,"2":3,"3":3,"4":3,"5":5,"6":5,"7":3,"8":3,"9":1,"10":2,"11":1,"12":1,"13":1,"14":3,"15":1,"16":2,"17":2,"18":1,"19":1,"20":3},"f":{"0":5,"1":3,"2":1,"3":3},"b":{"0":[1,1],"1":[2,2],"2":[1,2],"3":[1,1]}}
,"C:\\Users\\Ethan\\Documents\\Dev\\Projet-transversal-2T\\backend\\src\\routes\\pico.ts": {"path":"C:\\Users\\Ethan\\Documents\\Dev\\Projet-transversal-2T\\backend\\src\\routes\\pico.ts","statementMap":{"0":{"start":{"line":1,"column":0},"end":{"line":1,"column":52}},"1":{"start":{"line":2,"column":0},"end":{"line":2,"column":53}},"2":{"start":{"line":3,"column":0},"end":{"line":3,"column":38}},"3":{"start":{"line":5,"column":15},"end":{"line":5,"column":23}},"4":{"start":{"line":7,"column":0},"end":{"line":9,"column":null}},"5":{"start":{"line":8,"column":2},"end":{"line":8,"column":null}},"6":{"start":{"line":10,"column":0},"end":{"line":22,"column":null}},"7":{"start":{"line":11,"column":18},"end":{"line":11,"column":26}},"8":{"start":{"line":13,"column":2},"end":{"line":15,"column":3}},"9":{"start":{"line":14,"column":4},"end":{"line":14,"column":null}},"10":{"start":{"line":17,"column":18},"end":{"line":17,"column":36}},"11":{"start":{"line":18,"column":2},"end":{"line":18,"column":null}},"12":{"start":{"line":19,"column":2},"end":{"line":19,"column":null}},"13":{"start":{"line":21,"column":2},"end":{"line":21,"column":null}},"14":{"start":{"line":23,"column":0},"end":{"line":27,"column":null}},"15":{"start":{"line":24,"column":19},"end":{"line":24,"column":27}},"16":{"start":{"line":25,"column":2},"end":{"line":25,"column":null}},"17":{"start":{"line":26,"column":2},"end":{"line":26,"column":null}},"18":{"start":{"line":29,"column":0},"end":{"line":29,"column":null}}},"fnMap":{"0":{"name":"(anonymous_1)","decl":{"start":{"line":7,"column":25},"end":{"line":7,"column":26}},"loc":{"start":{"line":7,"column":58},"end":{"line":9,"column":1}}},"1":{"name":"(anonymous_2)","decl":{"start":{"line":10,"column":25},"end":{"line":10,"column":26}},"loc":{"start":{"line":10,"column":57},"end":{"line":22,"column":1}}},"2":{"name":"(anonymous_3)","decl":{"start":{"line":23,"column":26},"end":{"line":23,"column":27}},"loc":{"start":{"line":23,"column":58},"end":{"line":27,"column":1}}}},"branchMap":{"0":{"loc":{"start":{"line":13,"column":2},"end":{"line":15,"column":3}},"type":"if","locations":[{"start":{"line":13,"column":2},"end":{"line":15,"column":3}},{"start":{},"end":{}}]},"1":{"loc":{"start":{"line":17,"column":18},"end":{"line":17,"column":36}},"type":"cond-expr","locations":[{"start":{"line":17,"column":24},"end":{"line":17,"column":28}},{"start":{"line":17,"column":31},"end":{"line":17,"column":36}}]}},"s":{"0":1,"1":1,"2":1,"3":1,"4":1,"5":1,"6":1,"7":2,"8":2,"9":1,"10":1,"11":1,"12":1,"13":1,"14":1,"15":0,"16":0,"17":0,"18":1},"f":{"0":1,"1":2,"2":0},"b":{"0":[1,1],"1":[1,0]}}
,"C:\\Users\\Ethan\\Documents\\Dev\\Projet-transversal-2T\\backend\\src\\services\\authService.ts": {"path":"C:\\Users\\Ethan\\Documents\\Dev\\Projet-transversal-2T\\backend\\src\\services\\authService.ts","statementMap":{"0":{"start":{"line":1,"column":0},"end":{"line":1,"column":34}},"1":{"start":{"line":2,"column":0},"end":{"line":2,"column":33}},"2":{"start":{"line":3,"column":0},"end":{"line":3,"column":31}},"3":{"start":{"line":8,"column":23},"end":{"line":8,"column":52}},"4":{"start":{"line":9,"column":8},"end":{"line":9,"column":73}},"5":{"start":{"line":9,"column":21},"end":{"line":9,"column":73}},"6":{"start":{"line":10,"column":8},"end":{"line":10,"column":78}},"7":{"start":{"line":14,"column":23},"end":{"line":14,"column":53}},"8":{"start":{"line":15,"column":8},"end":{"line":15,"column":74}},"9":{"start":{"line":15,"column":21},"end":{"line":15,"column":74}},"10":{"start":{"line":16,"column":8},"end":{"line":16,"column":71}},"11":{"start":{"line":20,"column":31},"end":{"line":20,"column":58}},"12":{"start":{"line":21,"column":21},"end":{"line":21,"column":69}},"13":{"start":{"line":22,"column":8},"end":{"line":22,"column":26}},"14":{"start":{"line":23,"column":64},"end":{"line":23,"column":79}},"15":{"start":{"line":24,"column":8},"end":{"line":24,"column":35}},"16":{"start":{"line":28,"column":21},"end":{"line":28,"column":53}},"17":{"start":{"line":29,"column":8},"end":{"line":31,"column":9}},"18":{"start":{"line":30,"column":12},"end":{"line":30,"column":46}},"19":{"start":{"line":32,"column":32},"end":{"line":32,"column":76}},"20":{"start":{"line":33,"column":8},"end":{"line":35,"column":9}},"21":{"start":{"line":34,"column":12},"end":{"line":34,"column":48}},"22":{"start":{"line":36,"column":28},"end":{"line":36,"column":80}},"23":{"start":{"line":37,"column":29},"end":{"line":37,"column":82}},"24":{"start":{"line":38,"column":8},"end":{"line":38,"column":45}},"25":{"start":{"line":5,"column":0},"end":{"line":5,"column":13}}},"fnMap":{"0":{"name":"(anonymous_10)","decl":{"start":{"line":7,"column":4},"end":{"line":7,"column":21}},"loc":{"start":{"line":7,"column":65},"end":{"line":11,"column":5}}},"1":{"name":"(anonymous_11)","decl":{"start":{"line":13,"column":4},"end":{"line":13,"column":22}},"loc":{"start":{"line":13,"column":51},"end":{"line":17,"column":5}}},"2":{"name":"(anonymous_12)","decl":{"start":{"line":19,"column":4},"end":{"line":19,"column":9}},"loc":{"start":{"line":19,"column":53},"end":{"line":25,"column":5}}},"3":{"name":"(anonymous_13)","decl":{"start":{"line":27,"column":4},"end":{"line":27,"column":9}},"loc":{"start":{"line":27,"column":50},"end":{"line":39,"column":5}}}},"branchMap":{"0":{"loc":{"start":{"line":9,"column":8},"end":{"line":9,"column":73}},"type":"if","locations":[{"start":{"line":9,"column":8},"end":{"line":9,"column":73}},{"start":{},"end":{}}]},"1":{"loc":{"start":{"line":15,"column":8},"end":{"line":15,"column":74}},"type":"if","locations":[{"start":{"line":15,"column":8},"end":{"line":15,"column":74}},{"start":{},"end":{}}]},"2":{"loc":{"start":{"line":29,"column":8},"end":{"line":31,"column":9}},"type":"if","locations":[{"start":{"line":29,"column":8},"end":{"line":31,"column":9}},{"start":{},"end":{}}]},"3":{"loc":{"start":{"line":33,"column":8},"end":{"line":35,"column":9}},"type":"if","locations":[{"start":{"line":33,"column":8},"end":{"line":35,"column":9}},{"start":{},"end":{}}]}},"s":{"0":2,"1":2,"2":2,"3":1,"4":1,"5":0,"6":1,"7":1,"8":1,"9":0,"10":1,"11":0,"12":0,"13":0,"14":0,"15":0,"16":3,"17":3,"18":1,"19":2,"20":2,"21":1,"22":1,"23":1,"24":1,"25":2},"f":{"0":1,"1":1,"2":0,"3":3},"b":{"0":[0,1],"1":[0,1],"2":[1,2],"3":[1,1]}}
,"C:\\Users\\Ethan\\Documents\\Dev\\Projet-transversal-2T\\backend\\src\\services\\mqttService.ts": {"path":"C:\\Users\\Ethan\\Documents\\Dev\\Projet-transversal-2T\\backend\\src\\services\\mqttService.ts","statementMap":{"0":{"start":{"line":1,"column":0},"end":{"line":1,"column":24}},"1":{"start":{"line":2,"column":0},"end":{"line":2,"column":43}},"2":{"start":{"line":12,"column":11},"end":{"line":12,"column":45}},"3":{"start":{"line":13,"column":20},"end":{"line":13,"column":45}},"4":{"start":{"line":14,"column":13},"end":{"line":14,"column":52}},"5":{"start":{"line":16,"column":24},"end":{"line":49,"column":1}},"6":{"start":{"line":18,"column":2},"end":{"line":18,"column":72}},"7":{"start":{"line":21,"column":2},"end":{"line":25,"column":5}},"8":{"start":{"line":22,"column":4},"end":{"line":22,"column":57}},"9":{"start":{"line":23,"column":4},"end":{"line":23,"column":42}},"10":{"start":{"line":24,"column":4},"end":{"line":24,"column":40}},"11":{"start":{"line":27,"column":2},"end":{"line":44,"column":5}},"12":{"start":{"line":28,"column":19},"end":{"line":28,"column":37}},"13":{"start":{"line":29,"column":4},"end":{"line":29,"column":62}},"14":{"start":{"line":31,"column":35},"end":{"line":35,"column":6}},"15":{"start":{"line":37,"column":4},"end":{"line":37,"column":47}},"16":{"start":{"line":38,"column":4},"end":{"line":40,"column":5}},"17":{"start":{"line":39,"column":6},"end":{"line":39,"column":31}},"18":{"start":{"line":43,"column":4},"end":{"line":43,"column":43}},"19":{"start":{"line":46,"column":2},"end":{"line":48,"column":5}},"20":{"start":{"line":47,"column":4},"end":{"line":47,"column":42}},"21":{"start":{"line":16,"column":13},"end":{"line":16,"column":24}}},"fnMap":{"0":{"name":"(anonymous_1)","decl":{"start":{"line":16,"column":24},"end":{"line":16,"column":27}},"loc":{"start":{"line":16,"column":29},"end":{"line":49,"column":1}}},"1":{"name":"(anonymous_2)","decl":{"start":{"line":21,"column":27},"end":{"line":21,"column":30}},"loc":{"start":{"line":21,"column":32},"end":{"line":25,"column":3}}},"2":{"name":"(anonymous_3)","decl":{"start":{"line":27,"column":27},"end":{"line":27,"column":28}},"loc":{"start":{"line":27,"column":46},"end":{"line":44,"column":3}}},"3":{"name":"(anonymous_4)","decl":{"start":{"line":46,"column":25},"end":{"line":46,"column":26}},"loc":{"start":{"line":46,"column":33},"end":{"line":48,"column":3}}}},"branchMap":{"0":{"loc":{"start":{"line":38,"column":4},"end":{"line":40,"column":5}},"type":"if","locations":[{"start":{"line":38,"column":4},"end":{"line":40,"column":5}},{"start":{},"end":{}}]}},"s":{"0":1,"1":1,"2":1,"3":1,"4":1,"5":1,"6":4,"7":4,"8":1,"9":1,"10":1,"11":4,"12":26,"13":26,"14":26,"15":26,"16":26,"17":5,"18":26,"19":4,"20":1,"21":1},"f":{"0":4,"1":1,"2":26,"3":1},"b":{"0":[5,21]}}
}
