TN:
SF:src\controllers\authController.ts
FN:7,login
FN:29,register
FN:45,refresh
FNF:3
FNH:2
FNDA:3,login
FNDA:3,register
FNDA:0,refresh
DA:2,1
DA:3,1
DA:5,1
DA:7,1
DA:8,3
DA:10,3
DA:11,1
DA:14,2
DA:15,2
DA:16,1
DA:22,1
DA:24,1
DA:25,1
DA:29,1
DA:30,3
DA:32,3
DA:33,1
DA:36,2
DA:37,2
DA:38,1
DA:40,1
DA:41,1
DA:45,1
DA:46,0
DA:47,0
DA:48,0
DA:49,0
DA:50,0
DA:51,0
DA:52,0
DA:53,0
DA:55,0
DA:56,0
DA:58,0
LF:34
LH:23
BRDA:10,0,0,1
BRDA:10,0,1,2
BRDA:10,1,0,3
BRDA:10,1,1,3
BRDA:24,2,0,1
BRDA:24,2,1,0
BRDA:32,3,0,1
BRDA:32,3,1,2
BRDA:32,4,0,3
BRDA:32,4,1,2
BRDA:40,5,0,1
BRDA:40,5,1,0
BRDA:47,6,0,0
BRDA:47,6,1,0
BRDA:49,7,0,0
BRDA:49,7,1,0
BRDA:55,8,0,0
BRDA:55,8,1,0
BRF:18
BRH:10
end_of_record
TN:
SF:src\models\Log.ts
FN:26,(anonymous_1)
FN:32,(anonymous_2)
FN:38,(anonymous_3)
FN:46,(anonymous_4)
FNF:4
FNH:4
FNDA:3,(anonymous_1)
FNDA:1,(anonymous_2)
FNDA:1,(anonymous_3)
FNDA:3,(anonymous_4)
DA:1,1
DA:2,1
DA:10,1
DA:11,1
DA:13,1
DA:21,1
DA:27,3
DA:28,3
DA:29,3
DA:33,1
DA:34,1
DA:35,1
DA:39,1
DA:47,3
DA:48,1
DA:51,2
DA:52,2
DA:53,1
DA:56,1
LF:19
LH:19
BRDA:47,0,0,1
BRDA:47,0,1,2
BRDA:52,1,0,1
BRDA:52,1,1,1
BRF:4
BRH:4
end_of_record
TN:
SF:src\models\Mesure.ts
FN:27,(anonymous_1)
FN:33,(anonymous_2)
FN:41,(anonymous_3)
FNF:3
FNH:3
FNDA:27,(anonymous_1)
FNDA:27,(anonymous_2)
FNDA:3,(anonymous_3)
DA:1,3
DA:2,3
DA:10,3
DA:11,3
DA:13,3
DA:22,3
DA:28,27
DA:29,27
DA:30,27
DA:34,27
DA:42,3
DA:45,3
LF:12
LH:12
BRDA:41,0,0,1
BRF:1
BRH:1
end_of_record
TN:
SF:src\models\User.ts
FN:23,(anonymous_1)
FN:28,(anonymous_2)
FN:40,(anonymous_3)
FN:47,(anonymous_4)
FNF:4
FNH:4
FNDA:5,(anonymous_1)
FNDA:3,(anonymous_2)
FNDA:1,(anonymous_3)
FNDA:3,(anonymous_4)
DA:1,3
DA:2,3
DA:9,3
DA:10,3
DA:12,3
DA:19,3
DA:24,5
DA:25,5
DA:29,3
DA:30,3
DA:31,1
DA:33,2
DA:34,1
DA:36,1
DA:41,1
DA:48,3
DA:49,1
DA:52,2
DA:53,2
DA:54,1
DA:57,1
LF:21
LH:21
BRDA:33,0,0,1
BRDA:33,0,1,1
BRDA:33,1,0,2
BRDA:33,1,1,2
BRDA:48,2,0,1
BRDA:48,2,1,2
BRDA:53,3,0,1
BRDA:53,3,1,1
BRF:8
BRH:8
end_of_record
TN:
SF:src\routes\pico.ts
FN:7,(anonymous_1)
FN:10,(anonymous_2)
FN:23,(anonymous_3)
FNF:3
FNH:2
FNDA:1,(anonymous_1)
FNDA:2,(anonymous_2)
FNDA:0,(anonymous_3)
DA:1,1
DA:2,1
DA:3,1
DA:5,1
DA:7,1
DA:8,1
DA:10,1
DA:11,2
DA:13,2
DA:14,1
DA:17,1
DA:18,1
DA:19,1
DA:21,1
DA:23,1
DA:24,0
DA:25,0
DA:26,0
DA:29,1
LF:19
LH:16
BRDA:13,0,0,1
BRDA:13,0,1,1
BRDA:17,1,0,1
BRDA:17,1,1,0
BRF:4
BRH:3
end_of_record
TN:
SF:src\services\authService.ts
FN:7,(anonymous_10)
FN:13,(anonymous_11)
FN:19,(anonymous_12)
FN:27,(anonymous_13)
FNF:4
FNH:3
FNDA:1,(anonymous_10)
FNDA:1,(anonymous_11)
FNDA:0,(anonymous_12)
FNDA:3,(anonymous_13)
DA:1,2
DA:2,2
DA:3,2
DA:5,2
DA:8,1
DA:9,1
DA:10,1
DA:14,1
DA:15,1
DA:16,1
DA:20,0
DA:21,0
DA:22,0
DA:23,0
DA:24,0
DA:28,3
DA:29,3
DA:30,1
DA:32,2
DA:33,2
DA:34,1
DA:36,1
DA:37,1
DA:38,1
LF:24
LH:19
BRDA:9,0,0,0
BRDA:9,0,1,1
BRDA:15,1,0,0
BRDA:15,1,1,1
BRDA:29,2,0,1
BRDA:29,2,1,2
BRDA:33,3,0,1
BRDA:33,3,1,1
BRF:8
BRH:6
end_of_record
TN:
SF:src\services\mqttService.ts
FN:16,(anonymous_1)
FN:21,(anonymous_2)
FN:27,(anonymous_3)
FN:46,(anonymous_4)
FNF:4
FNH:4
FNDA:4,(anonymous_1)
FNDA:1,(anonymous_2)
FNDA:26,(anonymous_3)
FNDA:1,(anonymous_4)
DA:1,1
DA:2,1
DA:12,1
DA:13,1
DA:14,1
DA:16,1
DA:18,4
DA:21,4
DA:22,1
DA:23,1
DA:24,1
DA:27,4
DA:28,26
DA:29,26
DA:31,26
DA:37,26
DA:38,26
DA:39,5
DA:43,26
DA:46,4
DA:47,1
LF:21
LH:21
BRDA:38,0,0,5
BRDA:38,0,1,21
BRF:2
BRH:2
end_of_record
