TN:
SF:src\controllers\authController.ts
FN:6,login
FN:22,register
FNF:2
FNH:2
FNDA:3,login
FNDA:3,register
DA:2,1
DA:4,1
DA:6,1
DA:7,3
DA:9,3
DA:10,1
DA:13,2
DA:14,2
DA:15,1
DA:17,1
DA:18,1
DA:22,1
DA:23,3
DA:25,3
DA:26,1
DA:29,2
DA:30,2
DA:31,1
DA:33,1
DA:34,1
LF:20
LH:20
BRDA:9,0,0,1
BRDA:9,0,1,2
BRDA:9,1,0,3
BRDA:9,1,1,3
BRDA:17,2,0,1
BRDA:17,2,1,0
BRDA:25,3,0,1
BRDA:25,3,1,2
BRDA:25,4,0,3
BRDA:25,4,1,2
BRDA:33,5,0,1
BRDA:33,5,1,0
BRF:12
BRH:10
end_of_record
TN:
SF:src\models\User.ts
FNF:0
FNH:0
DA:1,2
DA:8,2
DA:20,2
DA:22,2
LF:4
LH:4
BRF:0
BRH:0
end_of_record
TN:
SF:src\routes\pico.ts
FN:7,(anonymous_0)
FN:10,(anonymous_1)
FN:23,(anonymous_2)
FNF:3
FNH:2
FNDA:1,(anonymous_0)
FNDA:2,(anonymous_1)
FNDA:0,(anonymous_2)
DA:1,1
DA:2,1
DA:3,1
DA:5,1
DA:7,1
DA:8,1
DA:10,1
DA:11,2
DA:13,2
DA:14,1
DA:17,1
DA:18,1
DA:19,1
DA:21,1
DA:23,1
DA:24,0
DA:25,0
DA:26,0
DA:29,1
LF:19
LH:16
BRDA:13,0,0,1
BRDA:13,0,1,1
BRDA:17,1,0,1
BRDA:17,1,1,0
BRF:4
BRH:3
end_of_record
TN:
SF:src\services\authService.ts
FN:6,(anonymous_10)
FN:14,(anonymous_11)
FNF:2
FNH:1
FNDA:0,(anonymous_10)
FNDA:3,(anonymous_11)
DA:1,2
DA:2,2
DA:4,2
DA:7,0
DA:8,0
DA:9,0
DA:10,0
DA:11,0
DA:15,3
DA:16,3
DA:17,1
DA:19,2
DA:20,2
DA:21,1
DA:23,1
DA:24,1
LF:16
LH:11
BRDA:16,0,0,1
BRDA:16,0,1,2
BRDA:20,1,0,1
BRDA:20,1,1,1
BRF:4
BRH:4
end_of_record
TN:
SF:src\services\mqttService.ts
FN:15,(anonymous_1)
FN:20,(anonymous_2)
FN:26,(anonymous_3)
FN:42,(anonymous_4)
FNF:4
FNH:4
FNDA:4,(anonymous_1)
FNDA:1,(anonymous_2)
FNDA:26,(anonymous_3)
FNDA:1,(anonymous_4)
DA:1,1
DA:11,1
DA:12,1
DA:13,1
DA:15,1
DA:17,4
DA:20,4
DA:21,1
DA:22,1
DA:23,1
DA:26,4
DA:27,26
DA:28,26
DA:30,26
DA:36,26
DA:37,26
DA:38,5
DA:42,4
DA:43,1
LF:19
LH:19
BRDA:37,0,0,5
BRDA:37,0,1,21
BRF:2
BRH:2
end_of_record
